[ 2017-04-13T17:48:52+08:00 ] 127.0.0.1 /vcourse
INFO: [ app_init ] --START--
INFO: Run Behavior\BuildLiteBehavior [ RunTime:0.000021s ]
INFO: [ app_init ] --END-- [ RunTime:0.000500s ]
INFO: [ app_begin ] --START--
INFO: Run Behavior\ReadHtmlCacheBehavior [ RunTime:0.000578s ]
INFO: Run Behavior\CheckLangBehavior [ RunTime:0.012285s ]
INFO: [ app_begin ] --END-- [ RunTime:0.013057s ]
SQL: SELECT `id`,`type`,`title`,`user_id`,`course_id`,`image_id`,`time`,`price`,`vip_price`,`number`,`lesson`,`content`,`like`,`summary`,`comment` FROM `dna_course` WHERE ( display=1 and `delete`=0 and type!=0 ) ORDER BY `sort` = 0, `sort` ASC, `id` ASC  [ RunTime:0.0126s ]
SQL: SELECT * FROM `dna_attach` WHERE ( display=1 and `delete`=0 and id in (69878,69879,62745,62749,43869,62848,22512,22533,62773,22538,43875,22539,22541,22350,22545,22569,47944,22549,22575,65172,24131,22356,22357,22358,43455,22360,24254,43876,43863,18389,22634,43866,22639,22643,24252,43456) )  [ RunTime:0.0150s ]
SQL: SELECT `id`,`type`,`title`,`user_id`,`course_id`,`image_id`,`time`,`price`,`vip_price`,`number`,`lesson`,`content`,`like`,`summary`,`comment` FROM `dna_course` WHERE ( display=1 and `delete`=0 and top =1  ) ORDER BY `sort` = 0, `sort` ASC, `id` ASC  [ RunTime:0.0005s ]
SQL: SELECT * FROM `dna_attach` WHERE ( display=1 and `delete`=0 and id in (22623,35064,69878,69879,62745,62749,43869,22512,24254,10752,43863) )  [ RunTime:0.0009s ]
SQL: SELECT `id`,`type`,`title`,`user_id`,`course_id`,`image_id`,`time`,`price`,`vip_price`,`number`,`lesson`,`content`,`like`,`summary`,`comment` FROM `dna_course` WHERE ( display=1 and `delete`=0 and type!=0 and recommend =1 ) ORDER BY `sort` = 0, `sort` ASC, `id` ASC  [ RunTime:0.0004s ]
SQL: SELECT * FROM `dna_attach` WHERE ( display=1 and `delete`=0 and id in (69878,69879) )  [ RunTime:0.0003s ]
INFO: [ view_parse ] --START--
NOTIC: [8] Undefined variable: item E:\www\PC\BaseCore\Library\Think\Template\TagLib.class.php 第 100 行.
INFO: [ template_filter ] --START--
INFO: Run Behavior\ContentReplaceBehavior [ RunTime:0.001582s ]
INFO: [ template_filter ] --END-- [ RunTime:0.001827s ]
NOTIC: [8] Use of undefined constant vip - assumed 'vip' E:\www\PC\pc\Runtime\Cache\Course\26a0f02e5217e45a711a2070aa59a8be.php 第 60 行.
INFO: Run Behavior\ParseTemplateBehavior [ RunTime:0.098095s ]
INFO: [ view_parse ] --END-- [ RunTime:0.098217s ]
INFO: [ view_filter ] --START--
INFO: Run Behavior\WriteHtmlCacheBehavior [ RunTime:0.003994s ]
INFO: [ view_filter ] --END-- [ RunTime:0.004114s ]
INFO: [ app_end ] --START--
INFO: Run Behavior\ShowPageTraceBehavior [ RunTime:0.010120s ]
INFO: [ app_end ] --END-- [ RunTime:0.010307s ]

[ 2017-04-13T17:54:39+08:00 ] 127.0.0.1 /vcourse
INFO: [ app_init ] --START--
INFO: Run Behavior\BuildLiteBehavior [ RunTime:0.000023s ]
INFO: [ app_init ] --END-- [ RunTime:0.000468s ]
INFO: [ app_begin ] --START--
INFO: Run Behavior\ReadHtmlCacheBehavior [ RunTime:0.000567s ]
INFO: Run Behavior\CheckLangBehavior [ RunTime:0.000950s ]
INFO: [ app_begin ] --END-- [ RunTime:0.001695s ]
SQL: SELECT `id`,`type`,`title`,`user_id`,`course_id`,`image_id`,`time`,`price`,`vip_price`,`number`,`lesson`,`content`,`like`,`summary`,`comment` FROM `dna_course` WHERE ( display=1 and `delete`=0 and type!=0 ) ORDER BY `sort` = 0, `sort` ASC, `id` ASC  [ RunTime:0.0008s ]
SQL: SELECT * FROM `dna_attach` WHERE ( display=1 and `delete`=0 and id in (69878,69879,62745,62749,43869,62848,22512,22533,62773,22538,43875,22539,22541,22350,22545,22569,47944,22549,22575,65172,24131,22356,22357,22358,43455,22360,24254,43876,43863,18389,22634,43866,22639,22643,24252,43456) )  [ RunTime:0.0006s ]
SQL: SELECT `id`,`type`,`title`,`user_id`,`course_id`,`image_id`,`time`,`price`,`vip_price`,`number`,`lesson`,`content`,`like`,`summary`,`comment` FROM `dna_course` WHERE ( display=1 and `delete`=0 and top =1  ) ORDER BY `sort` = 0, `sort` ASC, `id` ASC  [ RunTime:0.0006s ]
SQL: SELECT * FROM `dna_attach` WHERE ( display=1 and `delete`=0 and id in (22623,35064,69878,69879,62745,62749,43869,22512,24254,10752,43863) )  [ RunTime:0.0003s ]
SQL: SELECT `id`,`type`,`title`,`user_id`,`course_id`,`image_id`,`time`,`price`,`vip_price`,`number`,`lesson`,`content`,`like`,`summary`,`comment` FROM `dna_course` WHERE ( display=1 and `delete`=0 and type!=0 and recommend =1 ) ORDER BY `sort` = 0, `sort` ASC, `id` ASC  [ RunTime:0.0005s ]
SQL: SELECT * FROM `dna_attach` WHERE ( display=1 and `delete`=0 and id in (69878,69879) )  [ RunTime:0.0003s ]
INFO: [ view_parse ] --START--
NOTIC: [8] Undefined variable: item E:\www\PC\BaseCore\Library\Think\Template\TagLib.class.php 第 100 行.
INFO: [ template_filter ] --START--
INFO: Run Behavior\ContentReplaceBehavior [ RunTime:0.000167s ]
INFO: [ template_filter ] --END-- [ RunTime:0.000291s ]
NOTIC: [8] Use of undefined constant vip - assumed 'vip' E:\www\PC\pc\Runtime\Cache\Course\26a0f02e5217e45a711a2070aa59a8be.php 第 60 行.
INFO: Run Behavior\ParseTemplateBehavior [ RunTime:0.013576s ]
INFO: [ view_parse ] --END-- [ RunTime:0.013684s ]
INFO: [ view_filter ] --START--
INFO: Run Behavior\WriteHtmlCacheBehavior [ RunTime:0.000389s ]
INFO: [ view_filter ] --END-- [ RunTime:0.000480s ]
INFO: [ app_end ] --START--
INFO: Run Behavior\ShowPageTraceBehavior [ RunTime:0.000543s ]
INFO: [ app_end ] --END-- [ RunTime:0.000643s ]

[ 2017-04-13T17:57:06+08:00 ] 127.0.0.1 /vcourse
INFO: [ app_init ] --START--
INFO: Run Behavior\BuildLiteBehavior [ RunTime:0.000045s ]
INFO: [ app_init ] --END-- [ RunTime:0.001129s ]

[ 2017-04-13T17:57:19+08:00 ] 127.0.0.1 /vcourse
INFO: [ app_init ] --START--
INFO: Run Behavior\BuildLiteBehavior [ RunTime:0.000022s ]
INFO: [ app_init ] --END-- [ RunTime:0.000442s ]
INFO: [ app_begin ] --START--
INFO: Run Behavior\ReadHtmlCacheBehavior [ RunTime:0.000556s ]
INFO: Run Behavior\CheckLangBehavior [ RunTime:0.000951s ]
INFO: [ app_begin ] --END-- [ RunTime:0.001665s ]
SQL: SELECT `id`,`type`,`title`,`user_id`,`course_id`,`image_id`,`time`,`price`,`vip_price`,`number`,`lesson`,`content`,`like`,`summary`,`comment` FROM `dna_course` WHERE ( display=1 and `delete`=0 and type!=0 ) ORDER BY `sort` = 0, `sort` ASC, `id` ASC  [ RunTime:0.0009s ]
SQL: SELECT * FROM `dna_attach` WHERE ( display=1 and `delete`=0 and id in (69878,69879,62745,62749,43869,62848,22512,22533,62773,22538,43875,22539,22541,22350,22545,22569,47944,22549,22575,65172,24131,22356,22357,22358,43455,22360,24254,43876,43863,18389,22634,43866,22639,22643,24252,43456) )  [ RunTime:0.0008s ]
SQL: SELECT `id`,`type`,`title`,`user_id`,`course_id`,`image_id`,`time`,`price`,`vip_price`,`number`,`lesson`,`content`,`like`,`summary`,`comment` FROM `dna_course` WHERE ( display=1 and `delete`=0 and top =1  ) ORDER BY `sort` = 0, `sort` ASC, `id` ASC  [ RunTime:0.0007s ]
SQL: SELECT * FROM `dna_attach` WHERE ( display=1 and `delete`=0 and id in (22623,35064,69878,69879,62745,62749,43869,22512,24254,10752,43863) )  [ RunTime:0.0008s ]
SQL: SELECT `id`,`type`,`title`,`user_id`,`course_id`,`image_id`,`time`,`price`,`vip_price`,`number`,`lesson`,`content`,`like`,`summary`,`comment` FROM `dna_course` WHERE ( display=1 and `delete`=0 and type!=0 and recommend =1 ) ORDER BY `sort` = 0, `sort` ASC, `id` ASC  [ RunTime:0.0004s ]
SQL: SELECT * FROM `dna_attach` WHERE ( display=1 and `delete`=0 and id in (69878,69879) )  [ RunTime:0.0002s ]
INFO: [ view_parse ] --START--
NOTIC: [8] Undefined variable: item E:\www\PC\BaseCore\Library\Think\Template\TagLib.class.php 第 100 行.
INFO: [ template_filter ] --START--
INFO: Run Behavior\ContentReplaceBehavior [ RunTime:0.000167s ]
INFO: [ template_filter ] --END-- [ RunTime:0.000276s ]
NOTIC: [8] Use of undefined constant vip - assumed 'vip' E:\www\PC\pc\Runtime\Cache\Course\26a0f02e5217e45a711a2070aa59a8be.php 第 60 行.
INFO: Run Behavior\ParseTemplateBehavior [ RunTime:0.013124s ]
INFO: [ view_parse ] --END-- [ RunTime:0.013224s ]
INFO: [ view_filter ] --START--
INFO: Run Behavior\WriteHtmlCacheBehavior [ RunTime:0.000393s ]
INFO: [ view_filter ] --END-- [ RunTime:0.000483s ]
INFO: [ app_end ] --START--
INFO: Run Behavior\ShowPageTraceBehavior [ RunTime:0.000542s ]
INFO: [ app_end ] --END-- [ RunTime:0.000638s ]

[ 2017-04-13T17:58:12+08:00 ] 127.0.0.1 /vcourse
INFO: [ app_init ] --START--
INFO: Run Behavior\BuildLiteBehavior [ RunTime:0.004062s ]
INFO: [ app_init ] --END-- [ RunTime:0.022703s ]
INFO: [ app_begin ] --START--
INFO: Run Behavior\ReadHtmlCacheBehavior [ RunTime:0.010934s ]
INFO: Run Behavior\CheckLangBehavior [ RunTime:0.013791s ]
INFO: [ app_begin ] --END-- [ RunTime:0.026433s ]
SQL: SELECT `id`,`type`,`title`,`user_id`,`course_id`,`image_id`,`time`,`price`,`vip_price`,`number`,`lesson`,`content`,`like`,`summary`,`comment` FROM `dna_course` WHERE ( display=1 and `delete`=0 and type!=0 ) ORDER BY `sort` = 0, `sort` ASC, `id` ASC  [ RunTime:0.0047s ]
SQL: SELECT * FROM `dna_attach` WHERE ( display=1 and `delete`=0 and id in (69878,69879,62745,62749,43869,62848,22512,22533,62773,22538,43875,22539,22541,22350,22545,22569,47944,22549,22575,65172,24131,22356,22357,22358,43455,22360,24254,43876,43863,18389,22634,43866,22639,22643,24252,43456) )  [ RunTime:0.0008s ]
SQL: SELECT `id`,`type`,`title`,`user_id`,`course_id`,`image_id`,`time`,`price`,`vip_price`,`number`,`lesson`,`content`,`like`,`summary`,`comment` FROM `dna_course` WHERE ( display=1 and `delete`=0 and top =1  ) ORDER BY `sort` = 0, `sort` ASC, `id` ASC  [ RunTime:0.0005s ]
SQL: SELECT * FROM `dna_attach` WHERE ( display=1 and `delete`=0 and id in (22623,35064,69878,69879,62745,62749,43869,22512,24254,10752,43863) )  [ RunTime:0.0003s ]
SQL: SELECT `id`,`type`,`title`,`user_id`,`course_id`,`image_id`,`time`,`price`,`vip_price`,`number`,`lesson`,`content`,`like`,`summary`,`comment` FROM `dna_course` WHERE ( display=1 and `delete`=0 and type!=0 and recommend =1 ) ORDER BY `sort` = 0, `sort` ASC, `id` ASC  [ RunTime:0.0004s ]
SQL: SELECT * FROM `dna_attach` WHERE ( display=1 and `delete`=0 and id in (69878,69879) )  [ RunTime:0.0002s ]
INFO: [ view_parse ] --START--
NOTIC: [8] Undefined variable: item E:\www\PC\BaseCore\Library\Think\Template\TagLib.class.php 第 100 行.
INFO: [ template_filter ] --START--
INFO: Run Behavior\ContentReplaceBehavior [ RunTime:0.000178s ]
INFO: [ template_filter ] --END-- [ RunTime:0.000285s ]
NOTIC: [8] Use of undefined constant vip - assumed 'vip' E:\www\PC\pc\Runtime\Cache\Course\26a0f02e5217e45a711a2070aa59a8be.php 第 60 行.
INFO: Run Behavior\ParseTemplateBehavior [ RunTime:0.013531s ]
INFO: [ view_parse ] --END-- [ RunTime:0.013742s ]
INFO: [ view_filter ] --START--
INFO: Run Behavior\WriteHtmlCacheBehavior [ RunTime:0.000443s ]
INFO: [ view_filter ] --END-- [ RunTime:0.000543s ]
INFO: [ app_end ] --START--
INFO: Run Behavior\ShowPageTraceBehavior [ RunTime:0.000600s ]
INFO: [ app_end ] --END-- [ RunTime:0.000704s ]

[ 2017-04-13T17:58:12+08:00 ] 127.0.0.1 /vcourse
INFO: [ app_init ] --START--
INFO: Run Behavior\BuildLiteBehavior [ RunTime:0.000024s ]
INFO: [ app_init ] --END-- [ RunTime:0.000515s ]
INFO: [ app_begin ] --START--
INFO: Run Behavior\ReadHtmlCacheBehavior [ RunTime:0.000588s ]
INFO: Run Behavior\CheckLangBehavior [ RunTime:0.000993s ]
INFO: [ app_begin ] --END-- [ RunTime:0.001761s ]
SQL: SELECT `id`,`type`,`title`,`user_id`,`course_id`,`image_id`,`time`,`price`,`vip_price`,`number`,`lesson`,`content`,`like`,`summary`,`comment` FROM `dna_course` WHERE ( display=1 and `delete`=0 and type!=0 ) ORDER BY `sort` = 0, `sort` ASC, `id` ASC  [ RunTime:0.0007s ]
SQL: SELECT * FROM `dna_attach` WHERE ( display=1 and `delete`=0 and id in (69878,69879,62745,62749,43869,62848,22512,22533,62773,22538,43875,22539,22541,22350,22545,22569,47944,22549,22575,65172,24131,22356,22357,22358,43455,22360,24254,43876,43863,18389,22634,43866,22639,22643,24252,43456) )  [ RunTime:0.0005s ]
SQL: SELECT `id`,`type`,`title`,`user_id`,`course_id`,`image_id`,`time`,`price`,`vip_price`,`number`,`lesson`,`content`,`like`,`summary`,`comment` FROM `dna_course` WHERE ( display=1 and `delete`=0 and top =1  ) ORDER BY `sort` = 0, `sort` ASC, `id` ASC  [ RunTime:0.0005s ]
SQL: SELECT * FROM `dna_attach` WHERE ( display=1 and `delete`=0 and id in (22623,35064,69878,69879,62745,62749,43869,22512,24254,10752,43863) )  [ RunTime:0.0003s ]
SQL: SELECT `id`,`type`,`title`,`user_id`,`course_id`,`image_id`,`time`,`price`,`vip_price`,`number`,`lesson`,`content`,`like`,`summary`,`comment` FROM `dna_course` WHERE ( display=1 and `delete`=0 and type!=0 and recommend =1 ) ORDER BY `sort` = 0, `sort` ASC, `id` ASC  [ RunTime:0.0004s ]
SQL: SELECT * FROM `dna_attach` WHERE ( display=1 and `delete`=0 and id in (69878,69879) )  [ RunTime:0.0002s ]
INFO: [ view_parse ] --START--
NOTIC: [8] Undefined variable: item E:\www\PC\BaseCore\Library\Think\Template\TagLib.class.php 第 100 行.
INFO: [ template_filter ] --START--
INFO: Run Behavior\ContentReplaceBehavior [ RunTime:0.000155s ]
INFO: [ template_filter ] --END-- [ RunTime:0.000261s ]
NOTIC: [8] Use of undefined constant vip - assumed 'vip' E:\www\PC\pc\Runtime\Cache\Course\26a0f02e5217e45a711a2070aa59a8be.php 第 60 行.
INFO: Run Behavior\ParseTemplateBehavior [ RunTime:0.013094s ]
INFO: [ view_parse ] --END-- [ RunTime:0.013193s ]
INFO: [ view_filter ] --START--
INFO: Run Behavior\WriteHtmlCacheBehavior [ RunTime:0.000413s ]
INFO: [ view_filter ] --END-- [ RunTime:0.000507s ]
INFO: [ app_end ] --START--
INFO: Run Behavior\ShowPageTraceBehavior [ RunTime:0.000546s ]
INFO: [ app_end ] --END-- [ RunTime:0.000643s ]

[ 2017-04-13T17:58:13+08:00 ] 127.0.0.1 /vcourse
INFO: [ app_init ] --START--
INFO: Run Behavior\BuildLiteBehavior [ RunTime:0.000028s ]
INFO: [ app_init ] --END-- [ RunTime:0.000472s ]
INFO: [ app_begin ] --START--
INFO: Run Behavior\ReadHtmlCacheBehavior [ RunTime:0.000550s ]
INFO: Run Behavior\CheckLangBehavior [ RunTime:0.000908s ]
INFO: [ app_begin ] --END-- [ RunTime:0.001615s ]
SQL: SELECT `id`,`type`,`title`,`user_id`,`course_id`,`image_id`,`time`,`price`,`vip_price`,`number`,`lesson`,`content`,`like`,`summary`,`comment` FROM `dna_course` WHERE ( display=1 and `delete`=0 and type!=0 ) ORDER BY `sort` = 0, `sort` ASC, `id` ASC  [ RunTime:0.0012s ]
SQL: SELECT * FROM `dna_attach` WHERE ( display=1 and `delete`=0 and id in (69878,69879,62745,62749,43869,62848,22512,22533,62773,22538,43875,22539,22541,22350,22545,22569,47944,22549,22575,65172,24131,22356,22357,22358,43455,22360,24254,43876,43863,18389,22634,43866,22639,22643,24252,43456) )  [ RunTime:0.0006s ]
SQL: SELECT `id`,`type`,`title`,`user_id`,`course_id`,`image_id`,`time`,`price`,`vip_price`,`number`,`lesson`,`content`,`like`,`summary`,`comment` FROM `dna_course` WHERE ( display=1 and `delete`=0 and top =1  ) ORDER BY `sort` = 0, `sort` ASC, `id` ASC  [ RunTime:0.0004s ]
SQL: SELECT * FROM `dna_attach` WHERE ( display=1 and `delete`=0 and id in (22623,35064,69878,69879,62745,62749,43869,22512,24254,10752,43863) )  [ RunTime:0.0003s ]
SQL: SELECT `id`,`type`,`title`,`user_id`,`course_id`,`image_id`,`time`,`price`,`vip_price`,`number`,`lesson`,`content`,`like`,`summary`,`comment` FROM `dna_course` WHERE ( display=1 and `delete`=0 and type!=0 and recommend =1 ) ORDER BY `sort` = 0, `sort` ASC, `id` ASC  [ RunTime:0.0003s ]
SQL: SELECT * FROM `dna_attach` WHERE ( display=1 and `delete`=0 and id in (69878,69879) )  [ RunTime:0.0007s ]
INFO: [ view_parse ] --START--
NOTIC: [8] Undefined variable: item E:\www\PC\BaseCore\Library\Think\Template\TagLib.class.php 第 100 行.
INFO: [ template_filter ] --START--
INFO: Run Behavior\ContentReplaceBehavior [ RunTime:0.000243s ]
INFO: [ template_filter ] --END-- [ RunTime:0.000370s ]
NOTIC: [8] Use of undefined constant vip - assumed 'vip' E:\www\PC\pc\Runtime\Cache\Course\26a0f02e5217e45a711a2070aa59a8be.php 第 60 行.
INFO: Run Behavior\ParseTemplateBehavior [ RunTime:0.015449s ]
INFO: [ view_parse ] --END-- [ RunTime:0.015556s ]
INFO: [ view_filter ] --START--
INFO: Run Behavior\WriteHtmlCacheBehavior [ RunTime:0.000441s ]
INFO: [ view_filter ] --END-- [ RunTime:0.000529s ]
INFO: [ app_end ] --START--
INFO: Run Behavior\ShowPageTraceBehavior [ RunTime:0.000733s ]
INFO: [ app_end ] --END-- [ RunTime:0.000842s ]

[ 2017-04-13T17:58:13+08:00 ] 127.0.0.1 /vcourse
INFO: [ app_init ] --START--
INFO: Run Behavior\BuildLiteBehavior [ RunTime:0.000024s ]
INFO: [ app_init ] --END-- [ RunTime:0.000555s ]
INFO: [ app_begin ] --START--
INFO: Run Behavior\ReadHtmlCacheBehavior [ RunTime:0.000635s ]
INFO: Run Behavior\CheckLangBehavior [ RunTime:0.001018s ]
INFO: [ app_begin ] --END-- [ RunTime:0.001880s ]
SQL: SELECT `id`,`type`,`title`,`user_id`,`course_id`,`image_id`,`time`,`price`,`vip_price`,`number`,`lesson`,`content`,`like`,`summary`,`comment` FROM `dna_course` WHERE ( display=1 and `delete`=0 and type!=0 ) ORDER BY `sort` = 0, `sort` ASC, `id` ASC  [ RunTime:0.0010s ]
SQL: SELECT * FROM `dna_attach` WHERE ( display=1 and `delete`=0 and id in (69878,69879,62745,62749,43869,62848,22512,22533,62773,22538,43875,22539,22541,22350,22545,22569,47944,22549,22575,65172,24131,22356,22357,22358,43455,22360,24254,43876,43863,18389,22634,43866,22639,22643,24252,43456) )  [ RunTime:0.0012s ]
SQL: SELECT `id`,`type`,`title`,`user_id`,`course_id`,`image_id`,`time`,`price`,`vip_price`,`number`,`lesson`,`content`,`like`,`summary`,`comment` FROM `dna_course` WHERE ( display=1 and `delete`=0 and top =1  ) ORDER BY `sort` = 0, `sort` ASC, `id` ASC  [ RunTime:0.0004s ]
SQL: SELECT * FROM `dna_attach` WHERE ( display=1 and `delete`=0 and id in (22623,35064,69878,69879,62745,62749,43869,22512,24254,10752,43863) )  [ RunTime:0.0003s ]
SQL: SELECT `id`,`type`,`title`,`user_id`,`course_id`,`image_id`,`time`,`price`,`vip_price`,`number`,`lesson`,`content`,`like`,`summary`,`comment` FROM `dna_course` WHERE ( display=1 and `delete`=0 and type!=0 and recommend =1 ) ORDER BY `sort` = 0, `sort` ASC, `id` ASC  [ RunTime:0.0005s ]
SQL: SELECT * FROM `dna_attach` WHERE ( display=1 and `delete`=0 and id in (69878,69879) )  [ RunTime:0.0003s ]
INFO: [ view_parse ] --START--
NOTIC: [8] Undefined variable: item E:\www\PC\BaseCore\Library\Think\Template\TagLib.class.php 第 100 行.
INFO: [ template_filter ] --START--
INFO: Run Behavior\ContentReplaceBehavior [ RunTime:0.000151s ]
INFO: [ template_filter ] --END-- [ RunTime:0.000261s ]
NOTIC: [8] Use of undefined constant vip - assumed 'vip' E:\www\PC\pc\Runtime\Cache\Course\26a0f02e5217e45a711a2070aa59a8be.php 第 60 行.
INFO: Run Behavior\ParseTemplateBehavior [ RunTime:0.013991s ]
INFO: [ view_parse ] --END-- [ RunTime:0.014098s ]
INFO: [ view_filter ] --START--
INFO: Run Behavior\WriteHtmlCacheBehavior [ RunTime:0.000353s ]
INFO: [ view_filter ] --END-- [ RunTime:0.000453s ]
INFO: [ app_end ] --START--
INFO: Run Behavior\ShowPageTraceBehavior [ RunTime:0.000689s ]
INFO: [ app_end ] --END-- [ RunTime:0.000800s ]

[ 2017-04-13T17:59:07+08:00 ] 127.0.0.1 /vcourse
INFO: [ app_init ] --START--
INFO: Run Behavior\BuildLiteBehavior [ RunTime:0.000022s ]
INFO: [ app_init ] --END-- [ RunTime:0.000415s ]
INFO: [ app_begin ] --START--
INFO: Run Behavior\ReadHtmlCacheBehavior [ RunTime:0.000570s ]
INFO: Run Behavior\CheckLangBehavior [ RunTime:0.000815s ]
INFO: [ app_begin ] --END-- [ RunTime:0.001550s ]
SQL: SELECT `id`,`type`,`title`,`user_id`,`course_id`,`image_id`,`time`,`price`,`vip_price`,`number`,`lesson`,`content`,`like`,`summary`,`comment` FROM `dna_course` WHERE ( display=1 and `delete`=0 and type!=0 ) ORDER BY `sort` = 0, `sort` ASC, `id` ASC  [ RunTime:0.0007s ]
SQL: SELECT * FROM `dna_attach` WHERE ( display=1 and `delete`=0 and id in (69878,69879,62745,62749,43869,62848,22512,22533,62773,22538,43875,22539,22541,22350,22545,22569,47944,22549,22575,65172,24131,22356,22357,22358,43455,22360,24254,43876,43863,18389,22634,43866,22639,22643,24252,43456) )  [ RunTime:0.0005s ]
SQL: SELECT `id`,`type`,`title`,`user_id`,`course_id`,`image_id`,`time`,`price`,`vip_price`,`number`,`lesson`,`content`,`like`,`summary`,`comment` FROM `dna_course` WHERE ( display=1 and `delete`=0 and top =1  ) ORDER BY `sort` = 0, `sort` ASC, `id` ASC  [ RunTime:0.0004s ]
SQL: SELECT * FROM `dna_attach` WHERE ( display=1 and `delete`=0 and id in (22623,35064,69878,69879,62745,62749,43869,22512,24254,10752,43863) )  [ RunTime:0.0003s ]
SQL: SELECT `id`,`type`,`title`,`user_id`,`course_id`,`image_id`,`time`,`price`,`vip_price`,`number`,`lesson`,`content`,`like`,`summary`,`comment` FROM `dna_course` WHERE ( display=1 and `delete`=0 and type!=0 and recommend =1 ) ORDER BY `sort` = 0, `sort` ASC, `id` ASC  [ RunTime:0.0003s ]
SQL: SELECT * FROM `dna_attach` WHERE ( display=1 and `delete`=0 and id in (69878,69879) )  [ RunTime:0.0002s ]
INFO: [ view_parse ] --START--
NOTIC: [8] Undefined variable: item E:\www\PC\BaseCore\Library\Think\Template\TagLib.class.php 第 100 行.
INFO: [ template_filter ] --START--
INFO: Run Behavior\ContentReplaceBehavior [ RunTime:0.000150s ]
INFO: [ template_filter ] --END-- [ RunTime:0.000247s ]
NOTIC: [8] Use of undefined constant vip - assumed 'vip' E:\www\PC\pc\Runtime\Cache\Course\26a0f02e5217e45a711a2070aa59a8be.php 第 60 行.
INFO: Run Behavior\ParseTemplateBehavior [ RunTime:0.012658s ]
INFO: [ view_parse ] --END-- [ RunTime:0.012758s ]
INFO: [ view_filter ] --START--
INFO: Run Behavior\WriteHtmlCacheBehavior [ RunTime:0.055111s ]
INFO: [ view_filter ] --END-- [ RunTime:0.055269s ]
INFO: [ app_end ] --START--
INFO: Run Behavior\ShowPageTraceBehavior [ RunTime:0.000611s ]
INFO: [ app_end ] --END-- [ RunTime:0.000756s ]

[ 2017-04-13T17:59:08+08:00 ] 127.0.0.1 /vcourse
INFO: [ app_init ] --START--
INFO: Run Behavior\BuildLiteBehavior [ RunTime:0.000039s ]
INFO: [ app_init ] --END-- [ RunTime:0.000756s ]
INFO: [ app_begin ] --START--

[ 2017-04-13T18:00:23+08:00 ] 127.0.0.1 /vcourse
INFO: [ app_init ] --START--
INFO: Run Behavior\BuildLiteBehavior [ RunTime:0.000022s ]
INFO: [ app_init ] --END-- [ RunTime:0.000457s ]
INFO: [ app_begin ] --START--

[ 2017-04-13T18:00:32+08:00 ] 127.0.0.1 /vcourse
INFO: [ app_init ] --START--
INFO: Run Behavior\BuildLiteBehavior [ RunTime:0.000024s ]
INFO: [ app_init ] --END-- [ RunTime:0.000451s ]
INFO: [ app_begin ] --START--

[ 2017-04-13T18:00:45+08:00 ] 127.0.0.1 /vcourse
INFO: [ app_init ] --START--
INFO: Run Behavior\BuildLiteBehavior [ RunTime:0.000024s ]
INFO: [ app_init ] --END-- [ RunTime:0.000506s ]
INFO: [ app_begin ] --START--
INFO: Run Behavior\ReadHtmlCacheBehavior [ RunTime:0.000740s ]
INFO: Run Behavior\CheckLangBehavior [ RunTime:0.001171s ]
INFO: [ app_begin ] --END-- [ RunTime:0.002109s ]
SQL: SELECT `id`,`type`,`title`,`user_id`,`course_id`,`image_id`,`time`,`price`,`vip_price`,`number`,`lesson`,`content`,`like`,`summary`,`comment` FROM `dna_course` WHERE ( display=1 and `delete`=0 and type!=0 ) ORDER BY `sort` = 0, `sort` ASC, `id` ASC  [ RunTime:0.0007s ]
SQL: SELECT * FROM `dna_attach` WHERE ( display=1 and `delete`=0 and id in (69878,69879,62745,62749,43869,62848,22512,22533,62773,22538,43875,22539,22541,22350,22545,22569,47944,22549,22575,65172,24131,22356,22357,22358,43455,22360,24254,43876,43863,18389,22634,43866,22639,22643,24252,43456) )  [ RunTime:0.0005s ]
SQL: SELECT `id`,`type`,`title`,`user_id`,`course_id`,`image_id`,`time`,`price`,`vip_price`,`number`,`lesson`,`content`,`like`,`summary`,`comment` FROM `dna_course` WHERE ( display=1 and `delete`=0 and top =1  ) ORDER BY `sort` = 0, `sort` ASC, `id` ASC  [ RunTime:0.0005s ]
SQL: SELECT * FROM `dna_attach` WHERE ( display=1 and `delete`=0 and id in (22623,35064,69878,69879,62745,62749,43869,22512,24254,10752,43863) )  [ RunTime:0.0003s ]
SQL: SELECT `id`,`type`,`title`,`user_id`,`course_id`,`image_id`,`time`,`price`,`vip_price`,`number`,`lesson`,`content`,`like`,`summary`,`comment` FROM `dna_course` WHERE ( display=1 and `delete`=0 and type!=0 and recommend =1 ) ORDER BY `sort` = 0, `sort` ASC, `id` ASC  [ RunTime:0.0004s ]
SQL: SELECT * FROM `dna_attach` WHERE ( display=1 and `delete`=0 and id in (69878,69879) )  [ RunTime:0.0002s ]
INFO: [ view_parse ] --START--
NOTIC: [8] Undefined variable: item E:\www\PC\BaseCore\Library\Think\Template\TagLib.class.php 第 100 行.
INFO: [ template_filter ] --START--
INFO: Run Behavior\ContentReplaceBehavior [ RunTime:0.000159s ]
INFO: [ template_filter ] --END-- [ RunTime:0.000264s ]
NOTIC: [8] Use of undefined constant vip - assumed 'vip' E:\www\PC\pc\Runtime\Cache\Course\26a0f02e5217e45a711a2070aa59a8be.php 第 60 行.
INFO: Run Behavior\ParseTemplateBehavior [ RunTime:0.013411s ]
INFO: [ view_parse ] --END-- [ RunTime:0.013508s ]
INFO: [ view_filter ] --START--
INFO: Run Behavior\WriteHtmlCacheBehavior [ RunTime:0.001016s ]
INFO: [ view_filter ] --END-- [ RunTime:0.001110s ]
INFO: [ app_end ] --START--
INFO: Run Behavior\ShowPageTraceBehavior [ RunTime:0.000567s ]
INFO: [ app_end ] --END-- [ RunTime:0.000669s ]

[ 2017-04-13T18:00:49+08:00 ] 127.0.0.1 /vcourse
INFO: [ app_init ] --START--
INFO: Run Behavior\BuildLiteBehavior [ RunTime:0.000048s ]
INFO: [ app_init ] --END-- [ RunTime:0.000998s ]
INFO: [ app_begin ] --START--

[ 2017-04-13T18:07:01+08:00 ] 127.0.0.1 /vcourse
INFO: [ app_init ] --START--
INFO: Run Behavior\BuildLiteBehavior [ RunTime:0.000028s ]
INFO: [ app_init ] --END-- [ RunTime:0.000594s ]

[ 2017-04-13T18:07:08+08:00 ] 127.0.0.1 /vcourse
INFO: [ app_init ] --START--
INFO: Run Behavior\BuildLiteBehavior [ RunTime:0.000023s ]
INFO: [ app_init ] --END-- [ RunTime:0.000477s ]
INFO: [ app_begin ] --START--
INFO: Run Behavior\ReadHtmlCacheBehavior [ RunTime:0.000665s ]
INFO: Run Behavior\CheckLangBehavior [ RunTime:0.000938s ]
INFO: [ app_begin ] --END-- [ RunTime:0.001758s ]
SQL: SELECT `id`,`type`,`title`,`user_id`,`course_id`,`image_id`,`time`,`price`,`vip_price`,`number`,`lesson`,`content`,`like`,`summary`,`comment` FROM `dna_course` WHERE ( display=1 and `delete`=0 and type!=0 ) ORDER BY `sort` = 0, `sort` ASC, `id` ASC  [ RunTime:0.0009s ]
SQL: SELECT * FROM `dna_attach` WHERE ( display=1 and `delete`=0 and id in (69878,69879,62745,62749,43869,62848,22512,22533,62773,22538,43875,22539,22541,22350,22545,22569,47944,22549,22575,65172,24131,22356,22357,22358,43455,22360,24254,43876,43863,18389,22634,43866,22639,22643,24252,43456) )  [ RunTime:0.0006s ]
SQL: SELECT `id`,`type`,`title`,`user_id`,`course_id`,`image_id`,`time`,`price`,`vip_price`,`number`,`lesson`,`content`,`like`,`summary`,`comment` FROM `dna_course` WHERE ( display=1 and `delete`=0 and top =1  ) ORDER BY `sort` = 0, `sort` ASC, `id` ASC  [ RunTime:0.0005s ]
SQL: SELECT * FROM `dna_attach` WHERE ( display=1 and `delete`=0 and id in (22623,35064,69878,69879,62745,62749,43869,22512,24254,10752,43863) )  [ RunTime:0.0003s ]
SQL: SELECT `id`,`type`,`title`,`user_id`,`course_id`,`image_id`,`time`,`price`,`vip_price`,`number`,`lesson`,`content`,`like`,`summary`,`comment` FROM `dna_course` WHERE ( display=1 and `delete`=0 and type!=0 and recommend =1 ) ORDER BY `sort` = 0, `sort` ASC, `id` ASC  [ RunTime:0.0005s ]
SQL: SELECT * FROM `dna_attach` WHERE ( display=1 and `delete`=0 and id in (69878,69879) )  [ RunTime:0.0002s ]
INFO: [ view_parse ] --START--
NOTIC: [8] Undefined variable: item E:\www\PC\BaseCore\Library\Think\Template\TagLib.class.php 第 100 行.
INFO: [ template_filter ] --START--
INFO: Run Behavior\ContentReplaceBehavior [ RunTime:0.000166s ]
INFO: [ template_filter ] --END-- [ RunTime:0.000276s ]
NOTIC: [8] Use of undefined constant vip - assumed 'vip' E:\www\PC\pc\Runtime\Cache\Course\26a0f02e5217e45a711a2070aa59a8be.php 第 60 行.
INFO: Run Behavior\ParseTemplateBehavior [ RunTime:0.013136s ]
INFO: [ view_parse ] --END-- [ RunTime:0.013241s ]
INFO: [ view_filter ] --START--
INFO: Run Behavior\WriteHtmlCacheBehavior [ RunTime:0.001601s ]
INFO: [ view_filter ] --END-- [ RunTime:0.001703s ]
INFO: [ app_end ] --START--
INFO: Run Behavior\ShowPageTraceBehavior [ RunTime:0.000561s ]
INFO: [ app_end ] --END-- [ RunTime:0.000667s ]

[ 2017-04-13T18:08:14+08:00 ] 127.0.0.1 /vcourse
INFO: [ app_init ] --START--
INFO: Run Behavior\BuildLiteBehavior [ RunTime:0.000035s ]
INFO: [ app_init ] --END-- [ RunTime:0.000676s ]
INFO: [ app_begin ] --START--
INFO: Run Behavior\ReadHtmlCacheBehavior [ RunTime:0.001130s ]
INFO: Run Behavior\CheckLangBehavior [ RunTime:0.001704s ]
INFO: [ app_begin ] --END-- [ RunTime:0.003105s ]
SQL: SELECT `id`,`type`,`title`,`user_id`,`course_id`,`image_id`,`time`,`price`,`vip_price`,`number`,`lesson`,`content`,`like`,`summary`,`comment` FROM `dna_course` WHERE ( display=1 and `delete`=0 and type!=0 ) ORDER BY `sort` = 0, `sort` ASC, `id` ASC  [ RunTime:0.0008s ]
SQL: SELECT * FROM `dna_attach` WHERE ( display=1 and `delete`=0 and id in (69878,69879,62745,62749,43869,62848,22512,22533,62773,22538,43875,22539,22541,22350,22545,22569,47944,22549,22575,65172,24131,22356,22357,22358,43455,22360,24254,43876,43863,18389,22634,43866,22639,22643,24252,43456) )  [ RunTime:0.0005s ]
SQL: SELECT `id`,`type`,`title`,`user_id`,`course_id`,`image_id`,`time`,`price`,`vip_price`,`number`,`lesson`,`content`,`like`,`summary`,`comment` FROM `dna_course` WHERE ( display=1 and `delete`=0 and top =1  ) ORDER BY `sort` = 0, `sort` ASC, `id` ASC  [ RunTime:0.0004s ]
SQL: SELECT * FROM `dna_attach` WHERE ( display=1 and `delete`=0 and id in (22623,35064,69878,69879,62745,62749,43869,22512,24254,10752,43863) )  [ RunTime:0.0003s ]
SQL: SELECT `id`,`type`,`title`,`user_id`,`course_id`,`image_id`,`time`,`price`,`vip_price`,`number`,`lesson`,`content`,`like`,`summary`,`comment` FROM `dna_course` WHERE ( display=1 and `delete`=0 and type!=0 and recommend =1 ) ORDER BY `sort` = 0, `sort` ASC, `id` ASC  [ RunTime:0.0003s ]
SQL: SELECT * FROM `dna_attach` WHERE ( display=1 and `delete`=0 and id in (69878,69879) )  [ RunTime:0.0002s ]
INFO: [ view_parse ] --START--
NOTIC: [8] Undefined variable: item E:\www\PC\BaseCore\Library\Think\Template\TagLib.class.php 第 100 行.
INFO: [ template_filter ] --START--
INFO: Run Behavior\ContentReplaceBehavior [ RunTime:0.000147s ]
INFO: [ template_filter ] --END-- [ RunTime:0.000240s ]
NOTIC: [8] Use of undefined constant vip - assumed 'vip' E:\www\PC\pc\Runtime\Cache\Course\26a0f02e5217e45a711a2070aa59a8be.php 第 60 行.
INFO: Run Behavior\ParseTemplateBehavior [ RunTime:0.013336s ]
INFO: [ view_parse ] --END-- [ RunTime:0.013427s ]
INFO: [ view_filter ] --START--
INFO: Run Behavior\WriteHtmlCacheBehavior [ RunTime:0.002568s ]
INFO: [ view_filter ] --END-- [ RunTime:0.002684s ]
INFO: [ app_end ] --START--
INFO: Run Behavior\ShowPageTraceBehavior [ RunTime:0.000821s ]
INFO: [ app_end ] --END-- [ RunTime:0.000928s ]

[ 2017-04-13T18:25:40+08:00 ] 127.0.0.1 /vcourse/login/login
INFO: [ app_init ] --START--
INFO: Run Behavior\BuildLiteBehavior [ RunTime:0.000021s ]
INFO: [ app_init ] --END-- [ RunTime:0.000454s ]
INFO: [ app_begin ] --START--
INFO: Run Behavior\ReadHtmlCacheBehavior [ RunTime:0.000531s ]
INFO: Run Behavior\CheckLangBehavior [ RunTime:0.001039s ]
INFO: [ app_begin ] --END-- [ RunTime:0.001711s ]
NOTIC: [8] Undefined index: validate E:\www\PC\BaseCore\Library\Think\Model.class.php 第 1185 行.
NOTIC: [8] Undefined index: auto E:\www\PC\BaseCore\Library\Think\Model.class.php 第 1128 行.
SQL: SELECT * FROM `dna_user` WHERE ( display=1 and `delete`=0 and mobile = '13408187117' ) LIMIT 1   [ RunTime:0.1044s ]
SQL: SELECT * FROM `dna_attach` WHERE ( display=1 and `delete`=0 and id=30943 ) LIMIT 1   [ RunTime:0.0007s ]

[ 2017-04-13T18:25:40+08:00 ] 127.0.0.1 /vcourse
INFO: [ app_init ] --START--
INFO: Run Behavior\BuildLiteBehavior [ RunTime:0.000021s ]
INFO: [ app_init ] --END-- [ RunTime:0.000398s ]
INFO: [ app_begin ] --START--
INFO: Run Behavior\ReadHtmlCacheBehavior [ RunTime:0.001460s ]
INFO: Run Behavior\CheckLangBehavior [ RunTime:0.000822s ]
INFO: [ app_begin ] --END-- [ RunTime:0.002445s ]
SQL: SELECT `id`,`type`,`title`,`user_id`,`course_id`,`image_id`,`time`,`price`,`vip_price`,`number`,`lesson`,`content`,`like`,`summary`,`comment` FROM `dna_course` WHERE ( display=1 and `delete`=0 and type!=0 ) ORDER BY `sort` = 0, `sort` ASC, `id` ASC  [ RunTime:0.0008s ]
SQL: SELECT * FROM `dna_attach` WHERE ( display=1 and `delete`=0 and id in (69878,69879,62745,62749,43869,62848,22512,22533,62773,22538,43875,22539,22541,22350,22545,22569,47944,22549,22575,65172,24131,22356,22357,22358,43455,22360,24254,43876,43863,18389,22634,43866,22639,22643,24252,43456) )  [ RunTime:0.0005s ]
SQL: SELECT `id`,`type`,`title`,`user_id`,`course_id`,`image_id`,`time`,`price`,`vip_price`,`number`,`lesson`,`content`,`like`,`summary`,`comment` FROM `dna_course` WHERE ( display=1 and `delete`=0 and top =1  ) ORDER BY `sort` = 0, `sort` ASC, `id` ASC  [ RunTime:0.0005s ]
SQL: SELECT * FROM `dna_attach` WHERE ( display=1 and `delete`=0 and id in (22623,35064,69878,69879,62745,62749,43869,22512,24254,10752,43863) )  [ RunTime:0.0003s ]
SQL: SELECT `id`,`type`,`title`,`user_id`,`course_id`,`image_id`,`time`,`price`,`vip_price`,`number`,`lesson`,`content`,`like`,`summary`,`comment` FROM `dna_course` WHERE ( display=1 and `delete`=0 and type!=0 and recommend =1 ) ORDER BY `sort` = 0, `sort` ASC, `id` ASC  [ RunTime:0.0003s ]
SQL: SELECT * FROM `dna_attach` WHERE ( display=1 and `delete`=0 and id in (69878,69879) )  [ RunTime:0.0002s ]
INFO: [ view_parse ] --START--
NOTIC: [8] Undefined variable: item E:\www\PC\BaseCore\Library\Think\Template\TagLib.class.php 第 100 行.
INFO: [ template_filter ] --START--
INFO: Run Behavior\ContentReplaceBehavior [ RunTime:0.000163s ]
INFO: [ template_filter ] --END-- [ RunTime:0.000277s ]
NOTIC: [8] Use of undefined constant 狂尊 - assumed '狂尊' E:\www\PC\pc\Runtime\Cache\Course\26a0f02e5217e45a711a2070aa59a8be.php 第 47 行.
NOTIC: [8] Use of undefined constant vip - assumed 'vip' E:\www\PC\pc\Runtime\Cache\Course\26a0f02e5217e45a711a2070aa59a8be.php 第 60 行.
INFO: Run Behavior\ParseTemplateBehavior [ RunTime:0.013214s ]
INFO: [ view_parse ] --END-- [ RunTime:0.013309s ]
INFO: [ view_filter ] --START--
INFO: Run Behavior\WriteHtmlCacheBehavior [ RunTime:0.000968s ]
INFO: [ view_filter ] --END-- [ RunTime:0.001060s ]
INFO: [ app_end ] --START--
INFO: Run Behavior\ShowPageTraceBehavior [ RunTime:0.000549s ]
INFO: [ app_end ] --END-- [ RunTime:0.000647s ]

[ 2017-04-13T18:25:45+08:00 ] 127.0.0.1 /vcourse
INFO: [ app_init ] --START--
INFO: Run Behavior\BuildLiteBehavior [ RunTime:0.000023s ]
INFO: [ app_init ] --END-- [ RunTime:0.000463s ]
INFO: [ app_begin ] --START--

[ 2017-04-13T18:25:46+08:00 ] 127.0.0.1 /vcourse
INFO: [ app_init ] --START--
INFO: Run Behavior\BuildLiteBehavior [ RunTime:0.000046s ]
INFO: [ app_init ] --END-- [ RunTime:0.000927s ]
INFO: [ app_begin ] --START--

[ 2017-04-13T18:26:08+08:00 ] 127.0.0.1 /vcourse
INFO: [ app_init ] --START--
INFO: Run Behavior\BuildLiteBehavior [ RunTime:0.000021s ]
INFO: [ app_init ] --END-- [ RunTime:0.000468s ]
INFO: [ app_begin ] --START--
INFO: Run Behavior\ReadHtmlCacheBehavior [ RunTime:0.000853s ]
INFO: Run Behavior\CheckLangBehavior [ RunTime:0.000974s ]
INFO: [ app_begin ] --END-- [ RunTime:0.001995s ]
SQL: SELECT `id`,`type`,`title`,`user_id`,`course_id`,`image_id`,`time`,`price`,`vip_price`,`number`,`lesson`,`content`,`like`,`summary`,`comment` FROM `dna_course` WHERE ( display=1 and `delete`=0 and type!=0 ) ORDER BY `sort` = 0, `sort` ASC, `id` ASC  [ RunTime:0.0008s ]
SQL: SELECT * FROM `dna_attach` WHERE ( display=1 and `delete`=0 and id in (69878,69879,62745,62749,43869,62848,22512,22533,62773,22538,43875,22539,22541,22350,22545,22569,47944,22549,22575,65172,24131,22356,22357,22358,43455,22360,24254,43876,43863,18389,22634,43866,22639,22643,24252,43456) )  [ RunTime:0.0006s ]
SQL: SELECT `id`,`type`,`title`,`user_id`,`course_id`,`image_id`,`time`,`price`,`vip_price`,`number`,`lesson`,`content`,`like`,`summary`,`comment` FROM `dna_course` WHERE ( display=1 and `delete`=0 and top =1  ) ORDER BY `sort` = 0, `sort` ASC, `id` ASC  [ RunTime:0.0004s ]
SQL: SELECT * FROM `dna_attach` WHERE ( display=1 and `delete`=0 and id in (22623,35064,69878,69879,62745,62749,43869,22512,24254,10752,43863) )  [ RunTime:0.0003s ]
SQL: SELECT `id`,`type`,`title`,`user_id`,`course_id`,`image_id`,`time`,`price`,`vip_price`,`number`,`lesson`,`content`,`like`,`summary`,`comment` FROM `dna_course` WHERE ( display=1 and `delete`=0 and type!=0 and recommend =1 ) ORDER BY `sort` = 0, `sort` ASC, `id` ASC  [ RunTime:0.0003s ]
SQL: SELECT * FROM `dna_attach` WHERE ( display=1 and `delete`=0 and id in (69878,69879) )  [ RunTime:0.0004s ]
INFO: [ view_parse ] --START--
NOTIC: [8] Undefined variable: item E:\www\PC\BaseCore\Library\Think\Template\TagLib.class.php 第 100 行.
INFO: [ template_filter ] --START--
INFO: Run Behavior\ContentReplaceBehavior [ RunTime:0.000177s ]
INFO: [ template_filter ] --END-- [ RunTime:0.000312s ]
NOTIC: [8] Use of undefined constant 狂尊 - assumed '狂尊' E:\www\PC\pc\Runtime\Cache\Course\26a0f02e5217e45a711a2070aa59a8be.php 第 47 行.
NOTIC: [8] Use of undefined constant vip - assumed 'vip' E:\www\PC\pc\Runtime\Cache\Course\26a0f02e5217e45a711a2070aa59a8be.php 第 60 行.
INFO: Run Behavior\ParseTemplateBehavior [ RunTime:0.014069s ]
INFO: [ view_parse ] --END-- [ RunTime:0.014178s ]
INFO: [ view_filter ] --START--
INFO: Run Behavior\WriteHtmlCacheBehavior [ RunTime:0.001086s ]
INFO: [ view_filter ] --END-- [ RunTime:0.001185s ]
INFO: [ app_end ] --START--
INFO: Run Behavior\ShowPageTraceBehavior [ RunTime:0.000598s ]
INFO: [ app_end ] --END-- [ RunTime:0.000710s ]

[ 2017-04-13T18:26:29+08:00 ] 127.0.0.1 /vcourse
INFO: [ app_init ] --START--
INFO: Run Behavior\BuildLiteBehavior [ RunTime:0.000022s ]
INFO: [ app_init ] --END-- [ RunTime:0.000487s ]
INFO: [ app_begin ] --START--

[ 2017-04-13T18:26:38+08:00 ] 127.0.0.1 /vcourse
INFO: [ app_init ] --START--
INFO: Run Behavior\BuildLiteBehavior [ RunTime:0.000021s ]
INFO: [ app_init ] --END-- [ RunTime:0.000486s ]
INFO: [ app_begin ] --START--
INFO: Run Behavior\ReadHtmlCacheBehavior [ RunTime:0.000940s ]
INFO: Run Behavior\CheckLangBehavior [ RunTime:0.001106s ]
INFO: [ app_begin ] --END-- [ RunTime:0.002261s ]
SQL: SELECT `id`,`type`,`title`,`user_id`,`course_id`,`image_id`,`time`,`price`,`vip_price`,`number`,`lesson`,`content`,`like`,`summary`,`comment` FROM `dna_course` WHERE ( display=1 and `delete`=0 and type!=0 ) ORDER BY `sort` = 0, `sort` ASC, `id` ASC  [ RunTime:0.0008s ]
SQL: SELECT * FROM `dna_attach` WHERE ( display=1 and `delete`=0 and id in (69878,69879,62745,62749,43869,62848,22512,22533,62773,22538,43875,22539,22541,22350,22545,22569,47944,22549,22575,65172,24131,22356,22357,22358,43455,22360,24254,43876,43863,18389,22634,43866,22639,22643,24252,43456) )  [ RunTime:0.0004s ]
SQL: SELECT `id`,`type`,`title`,`user_id`,`course_id`,`image_id`,`time`,`price`,`vip_price`,`number`,`lesson`,`content`,`like`,`summary`,`comment` FROM `dna_course` WHERE ( display=1 and `delete`=0 and top =1  ) ORDER BY `sort` = 0, `sort` ASC, `id` ASC  [ RunTime:0.0004s ]
SQL: SELECT * FROM `dna_attach` WHERE ( display=1 and `delete`=0 and id in (22623,35064,69878,69879,62745,62749,43869,22512,24254,10752,43863) )  [ RunTime:0.0003s ]
SQL: SELECT `id`,`type`,`title`,`user_id`,`course_id`,`image_id`,`time`,`price`,`vip_price`,`number`,`lesson`,`content`,`like`,`summary`,`comment` FROM `dna_course` WHERE ( display=1 and `delete`=0 and type!=0 and recommend =1 ) ORDER BY `sort` = 0, `sort` ASC, `id` ASC  [ RunTime:0.0003s ]
SQL: SELECT * FROM `dna_attach` WHERE ( display=1 and `delete`=0 and id in (69878,69879) )  [ RunTime:0.0002s ]
INFO: [ view_parse ] --START--
NOTIC: [8] Undefined variable: item E:\www\PC\BaseCore\Library\Think\Template\TagLib.class.php 第 100 行.
INFO: [ template_filter ] --START--
INFO: Run Behavior\ContentReplaceBehavior [ RunTime:0.000153s ]
INFO: [ template_filter ] --END-- [ RunTime:0.000255s ]
NOTIC: [8] Use of undefined constant vip - assumed 'vip' E:\www\PC\pc\Runtime\Cache\Course\26a0f02e5217e45a711a2070aa59a8be.php 第 60 行.
INFO: Run Behavior\ParseTemplateBehavior [ RunTime:0.013882s ]
INFO: [ view_parse ] --END-- [ RunTime:0.013976s ]
INFO: [ view_filter ] --START--
INFO: Run Behavior\WriteHtmlCacheBehavior [ RunTime:0.001116s ]
INFO: [ view_filter ] --END-- [ RunTime:0.001215s ]
INFO: [ app_end ] --START--
INFO: Run Behavior\ShowPageTraceBehavior [ RunTime:0.000800s ]
INFO: [ app_end ] --END-- [ RunTime:0.000911s ]

[ 2017-04-13T18:26:39+08:00 ] 127.0.0.1 /vcourse
INFO: [ app_init ] --START--
INFO: Run Behavior\BuildLiteBehavior [ RunTime:0.000020s ]
INFO: [ app_init ] --END-- [ RunTime:0.000470s ]
INFO: [ app_begin ] --START--

[ 2017-04-13T18:26:39+08:00 ] 127.0.0.1 /vcourse
INFO: [ app_init ] --START--
INFO: Run Behavior\BuildLiteBehavior [ RunTime:0.000034s ]
INFO: [ app_init ] --END-- [ RunTime:0.000669s ]
INFO: [ app_begin ] --START--

[ 2017-04-13T18:26:40+08:00 ] 127.0.0.1 /vcourse
INFO: [ app_init ] --START--
INFO: Run Behavior\BuildLiteBehavior [ RunTime:0.000023s ]
INFO: [ app_init ] --END-- [ RunTime:0.000426s ]
INFO: [ app_begin ] --START--

[ 2017-04-13T18:26:46+08:00 ] 127.0.0.1 /vcourse/login/login
INFO: [ app_init ] --START--
INFO: Run Behavior\BuildLiteBehavior [ RunTime:0.000022s ]
INFO: [ app_init ] --END-- [ RunTime:0.000493s ]
INFO: [ app_begin ] --START--
INFO: Run Behavior\ReadHtmlCacheBehavior [ RunTime:0.000499s ]
INFO: Run Behavior\CheckLangBehavior [ RunTime:0.001080s ]
INFO: [ app_begin ] --END-- [ RunTime:0.001743s ]
NOTIC: [8] Undefined index: validate E:\www\PC\BaseCore\Library\Think\Model.class.php 第 1185 行.
NOTIC: [8] Undefined index: auto E:\www\PC\BaseCore\Library\Think\Model.class.php 第 1128 行.
SQL: SELECT * FROM `dna_user` WHERE ( display=1 and `delete`=0 and mobile = '13408187117' ) LIMIT 1   [ RunTime:0.0373s ]
SQL: SELECT * FROM `dna_attach` WHERE ( display=1 and `delete`=0 and id=30943 ) LIMIT 1   [ RunTime:0.0003s ]

[ 2017-04-13T18:26:46+08:00 ] 127.0.0.1 /vcourse
INFO: [ app_init ] --START--
INFO: Run Behavior\BuildLiteBehavior [ RunTime:0.000023s ]
INFO: [ app_init ] --END-- [ RunTime:0.000412s ]
INFO: [ app_begin ] --START--

[ 2017-04-13T18:26:47+08:00 ] 127.0.0.1 /vcourse
INFO: [ app_init ] --START--
INFO: Run Behavior\BuildLiteBehavior [ RunTime:0.000023s ]
INFO: [ app_init ] --END-- [ RunTime:0.000472s ]
INFO: [ app_begin ] --START--

[ 2017-04-13T18:26:47+08:00 ] 127.0.0.1 /vcourse
INFO: [ app_init ] --START--
INFO: Run Behavior\BuildLiteBehavior [ RunTime:0.000027s ]
INFO: [ app_init ] --END-- [ RunTime:0.000549s ]
INFO: [ app_begin ] --START--

[ 2017-04-13T18:26:47+08:00 ] 127.0.0.1 /vcourse
INFO: [ app_init ] --START--
INFO: Run Behavior\BuildLiteBehavior [ RunTime:0.000035s ]
INFO: [ app_init ] --END-- [ RunTime:0.000606s ]
INFO: [ app_begin ] --START--

