[ 2017-04-12T09:52:19+08:00 ] 127.0.0.1 /vcourse#
INFO: [ app_init ] --START--
INFO: Run Behavior\BuildLiteBehavior [ RunTime:0.000032s ]
INFO: [ app_init ] --END-- [ RunTime:0.119621s ]
INFO: [ app_begin ] --START--
INFO: Run Behavior\ReadHtmlCacheBehavior [ RunTime:0.371442s ]
INFO: Run Behavior\CheckLangBehavior [ RunTime:0.416360s ]
INFO: [ app_begin ] --END-- [ RunTime:0.788224s ]
SQL: SELECT `id`,`type`,`title`,`user_id`,`course_id`,`image_id`,`time`,`price`,`vip_price`,`number`,`lesson`,`content`,`like`,`summary`,`comment` FROM `dna_course` WHERE ( display=1 and `delete`=0 and type!=0 ) ORDER BY `sort` = 0, `sort` ASC, `id` ASC  [ RunTime:0.0210s ]
SQL: SELECT * FROM `dna_attach` WHERE ( display=1 and `delete`=0 and id in (69878,69879,62745,62749,43869,62848,22512,22533,62773,22538,43875,22539,22541,22350,22545,22569,47944,22549,22575,65172,24131,22356,22357,22358,43455,22360,24254,43876,43863,18389,22634,43866,22639,22643,24252,43456) )  [ RunTime:0.0141s ]
SQL: SELECT `id`,`type`,`title`,`user_id`,`course_id`,`image_id`,`time`,`price`,`vip_price`,`number`,`lesson`,`content`,`like`,`summary`,`comment` FROM `dna_course` WHERE ( display=1 and `delete`=0 and top =1  ) ORDER BY `sort` = 0, `sort` ASC, `id` ASC  [ RunTime:0.0005s ]
SQL: SELECT * FROM `dna_attach` WHERE ( display=1 and `delete`=0 and id in (22623,35064,69878,69879,62745,62749,43869,22512,24254,10752,43863) )  [ RunTime:0.0010s ]
SQL: SELECT `id`,`type`,`title`,`user_id`,`course_id`,`image_id`,`time`,`price`,`vip_price`,`number`,`lesson`,`content`,`like`,`summary`,`comment` FROM `dna_course` WHERE ( display=1 and `delete`=0 and type!=0 and recommend =1 ) ORDER BY `sort` = 0, `sort` ASC, `id` ASC  [ RunTime:0.0005s ]
SQL: SELECT * FROM `dna_attach` WHERE ( display=1 and `delete`=0 and id in (69878,69879) )  [ RunTime:0.0002s ]
INFO: [ view_parse ] --START--
NOTIC: [8] Undefined variable: item E:\www\PC\BaseCore\Library\Think\Template\TagLib.class.php 第 100 行.
INFO: [ template_filter ] --START--
INFO: Run Behavior\ContentReplaceBehavior [ RunTime:0.001188s ]
INFO: [ template_filter ] --END-- [ RunTime:0.001294s ]
NOTIC: [8] Use of undefined constant vip - assumed 'vip' E:\www\PC\pc\Runtime\Cache\Course\26a0f02e5217e45a711a2070aa59a8be.php 第 60 行.
INFO: Run Behavior\ParseTemplateBehavior [ RunTime:0.954597s ]
INFO: [ view_parse ] --END-- [ RunTime:0.954705s ]
INFO: [ view_filter ] --START--
INFO: Run Behavior\WriteHtmlCacheBehavior [ RunTime:0.084456s ]
INFO: [ view_filter ] --END-- [ RunTime:0.084556s ]
INFO: [ app_end ] --START--
INFO: Run Behavior\ShowPageTraceBehavior [ RunTime:0.108629s ]
INFO: [ app_end ] --END-- [ RunTime:0.108754s ]

