[ 2017-04-13T17:46:58+08:00 ] 127.0.0.1 /
INFO: [ app_init ] --START--
INFO: Run Behavior\BuildLiteBehavior [ RunTime:0.000026s ]
INFO: [ app_init ] --END-- [ RunTime:0.009774s ]
INFO: [ app_begin ] --START--
INFO: Run Behavior\ReadHtmlCacheBehavior [ RunTime:0.008464s ]
INFO: Run Behavior\CheckLangBehavior [ RunTime:0.002893s ]
INFO: [ app_begin ] --END-- [ RunTime:0.011549s ]

[ 2017-04-13T17:46:58+08:00 ] 127.0.0.1 /favicon.ico
INFO: [ app_init ] --START--
INFO: Run Behavior\BuildLiteBehavior [ RunTime:0.000027s ]
INFO: [ app_init ] --END-- [ RunTime:0.000465s ]

[ 2017-04-13T17:48:53+08:00 ] 127.0.0.1 /zixun/uploads/allimg/170309/2-1F3091A5144Q.png
INFO: [ app_init ] --START--
INFO: Run Behavior\BuildLiteBehavior [ RunTime:0.000023s ]
INFO: [ app_init ] --END-- [ RunTime:0.000435s ]

[ 2017-04-13T17:54:39+08:00 ] 127.0.0.1 /zixun/uploads/allimg/170309/2-1F3091A5144Q.png
INFO: [ app_init ] --START--
INFO: Run Behavior\BuildLiteBehavior [ RunTime:0.000024s ]
INFO: [ app_init ] --END-- [ RunTime:0.000486s ]

[ 2017-04-13T17:57:19+08:00 ] 127.0.0.1 /zixun/uploads/allimg/170309/2-1F3091A5144Q.png
INFO: [ app_init ] --START--
INFO: Run Behavior\BuildLiteBehavior [ RunTime:0.000022s ]
INFO: [ app_init ] --END-- [ RunTime:0.000413s ]

[ 2017-04-13T17:58:13+08:00 ] 127.0.0.1 /zixun/uploads/allimg/170309/2-1F3091A5144Q.png
INFO: [ app_init ] --START--
INFO: Run Behavior\BuildLiteBehavior [ RunTime:0.000029s ]
INFO: [ app_init ] --END-- [ RunTime:0.000555s ]

[ 2017-04-13T17:58:13+08:00 ] 127.0.0.1 /zixun/uploads/allimg/170309/2-1F3091A5144Q.png
INFO: [ app_init ] --START--
INFO: Run Behavior\BuildLiteBehavior [ RunTime:0.000026s ]
INFO: [ app_init ] --END-- [ RunTime:0.000458s ]

[ 2017-04-13T17:58:13+08:00 ] 127.0.0.1 /zixun/uploads/allimg/170309/2-1F3091A5144Q.png
INFO: [ app_init ] --START--
INFO: Run Behavior\BuildLiteBehavior [ RunTime:0.000024s ]
INFO: [ app_init ] --END-- [ RunTime:0.000476s ]

[ 2017-04-13T17:58:15+08:00 ] 127.0.0.1 /favicon.ico
INFO: [ app_init ] --START--
INFO: Run Behavior\BuildLiteBehavior [ RunTime:0.000023s ]
INFO: [ app_init ] --END-- [ RunTime:0.000455s ]

[ 2017-04-13T17:59:07+08:00 ] 127.0.0.1 /zixun/uploads/allimg/170309/2-1F3091A5144Q.png
INFO: [ app_init ] --START--
INFO: Run Behavior\BuildLiteBehavior [ RunTime:0.000032s ]
INFO: [ app_init ] --END-- [ RunTime:0.000690s ]

[ 2017-04-13T17:59:08+08:00 ] 127.0.0.1 /zixun/uploads/allimg/170309/2-1F3091A5144Q.png
INFO: [ app_init ] --START--
INFO: Run Behavior\BuildLiteBehavior [ RunTime:0.000026s ]
INFO: [ app_init ] --END-- [ RunTime:0.000590s ]

[ 2017-04-13T18:00:23+08:00 ] 127.0.0.1 /zixun/uploads/allimg/170309/2-1F3091A5144Q.png
INFO: [ app_init ] --START--
INFO: Run Behavior\BuildLiteBehavior [ RunTime:0.000024s ]
INFO: [ app_init ] --END-- [ RunTime:0.000640s ]

[ 2017-04-13T18:00:23+08:00 ] 127.0.0.1 /zixun/uploads/allimg/170309/2-1F3091A5144Q.png
INFO: [ app_init ] --START--
INFO: Run Behavior\BuildLiteBehavior [ RunTime:0.000022s ]
INFO: [ app_init ] --END-- [ RunTime:0.000427s ]

[ 2017-04-13T18:00:24+08:00 ] 127.0.0.1 /favicon.ico
INFO: [ app_init ] --START--
INFO: Run Behavior\BuildLiteBehavior [ RunTime:0.000024s ]
INFO: [ app_init ] --END-- [ RunTime:0.000507s ]

[ 2017-04-13T18:00:33+08:00 ] 127.0.0.1 /zixun/uploads/allimg/170309/2-1F3091A5144Q.png
INFO: [ app_init ] --START--
INFO: Run Behavior\BuildLiteBehavior [ RunTime:0.000024s ]
INFO: [ app_init ] --END-- [ RunTime:0.000409s ]

[ 2017-04-13T18:00:33+08:00 ] 127.0.0.1 /zixun/uploads/allimg/170309/2-1F3091A5144Q.png
INFO: [ app_init ] --START--
INFO: Run Behavior\BuildLiteBehavior [ RunTime:0.000024s ]
INFO: [ app_init ] --END-- [ RunTime:0.000519s ]

[ 2017-04-13T18:00:45+08:00 ] 127.0.0.1 /zixun/uploads/allimg/170309/2-1F3091A5144Q.png
INFO: [ app_init ] --START--
INFO: Run Behavior\BuildLiteBehavior [ RunTime:0.000027s ]
INFO: [ app_init ] --END-- [ RunTime:0.000514s ]

[ 2017-04-13T18:00:45+08:00 ] 127.0.0.1 /zixun/uploads/allimg/170309/2-1F3091A5144Q.png
INFO: [ app_init ] --START--
INFO: Run Behavior\BuildLiteBehavior [ RunTime:0.000024s ]
INFO: [ app_init ] --END-- [ RunTime:0.000468s ]

[ 2017-04-13T18:00:49+08:00 ] 127.0.0.1 /zixun/uploads/allimg/170309/2-1F3091A5144Q.png
INFO: [ app_init ] --START--
INFO: Run Behavior\BuildLiteBehavior [ RunTime:0.000024s ]
INFO: [ app_init ] --END-- [ RunTime:0.000427s ]

[ 2017-04-13T18:00:49+08:00 ] 127.0.0.1 /zixun/uploads/allimg/170309/2-1F3091A5144Q.png
INFO: [ app_init ] --START--
INFO: Run Behavior\BuildLiteBehavior [ RunTime:0.000023s ]
INFO: [ app_init ] --END-- [ RunTime:0.000437s ]

[ 2017-04-13T18:07:08+08:00 ] 127.0.0.1 /zixun/uploads/allimg/170309/2-1F3091A5144Q.png
INFO: [ app_init ] --START--
INFO: Run Behavior\BuildLiteBehavior [ RunTime:0.000025s ]
INFO: [ app_init ] --END-- [ RunTime:0.000448s ]

[ 2017-04-13T18:08:14+08:00 ] 127.0.0.1 /zixun/uploads/allimg/170309/2-1F3091A5144Q.png
INFO: [ app_init ] --START--
INFO: Run Behavior\BuildLiteBehavior [ RunTime:0.000032s ]
INFO: [ app_init ] --END-- [ RunTime:0.000456s ]

[ 2017-04-13T18:25:40+08:00 ] 127.0.0.1 /zixun/uploads/allimg/170309/2-1F3091A5144Q.png
INFO: [ app_init ] --START--
INFO: Run Behavior\BuildLiteBehavior [ RunTime:0.000027s ]
INFO: [ app_init ] --END-- [ RunTime:0.000556s ]

[ 2017-04-13T18:25:45+08:00 ] 127.0.0.1 /zixun/uploads/allimg/170309/2-1F3091A5144Q.png
INFO: [ app_init ] --START--
INFO: Run Behavior\BuildLiteBehavior [ RunTime:0.000026s ]
INFO: [ app_init ] --END-- [ RunTime:0.000470s ]

[ 2017-04-13T18:25:46+08:00 ] 127.0.0.1 /zixun/uploads/allimg/170309/2-1F3091A5144Q.png
INFO: [ app_init ] --START--
INFO: Run Behavior\BuildLiteBehavior [ RunTime:0.000026s ]
INFO: [ app_init ] --END-- [ RunTime:0.000476s ]

[ 2017-04-13T18:26:08+08:00 ] 127.0.0.1 /zixun/uploads/allimg/170309/2-1F3091A5144Q.png
INFO: [ app_init ] --START--
INFO: Run Behavior\BuildLiteBehavior [ RunTime:0.000026s ]
INFO: [ app_init ] --END-- [ RunTime:0.000553s ]

[ 2017-04-13T18:26:29+08:00 ] 127.0.0.1 /zixun/uploads/allimg/170309/2-1F3091A5144Q.png
INFO: [ app_init ] --START--
INFO: Run Behavior\BuildLiteBehavior [ RunTime:0.000055s ]
INFO: [ app_init ] --END-- [ RunTime:0.000509s ]

[ 2017-04-13T18:26:30+08:00 ] 127.0.0.1 /favicon.ico
INFO: [ app_init ] --START--
INFO: Run Behavior\BuildLiteBehavior [ RunTime:0.000023s ]
INFO: [ app_init ] --END-- [ RunTime:0.000441s ]

[ 2017-04-13T18:26:38+08:00 ] 127.0.0.1 /zixun/uploads/allimg/170309/2-1F3091A5144Q.png
INFO: [ app_init ] --START--
INFO: Run Behavior\BuildLiteBehavior [ RunTime:0.000024s ]
INFO: [ app_init ] --END-- [ RunTime:0.000473s ]

[ 2017-04-13T18:26:39+08:00 ] 127.0.0.1 /zixun/uploads/allimg/170309/2-1F3091A5144Q.png
INFO: [ app_init ] --START--
INFO: Run Behavior\BuildLiteBehavior [ RunTime:0.000022s ]
INFO: [ app_init ] --END-- [ RunTime:0.000561s ]

[ 2017-04-13T18:26:39+08:00 ] 127.0.0.1 /zixun/uploads/allimg/170309/2-1F3091A5144Q.png
INFO: [ app_init ] --START--
INFO: Run Behavior\BuildLiteBehavior [ RunTime:0.000023s ]
INFO: [ app_init ] --END-- [ RunTime:0.000541s ]

[ 2017-04-13T18:26:41+08:00 ] 127.0.0.1 /zixun/uploads/allimg/170309/2-1F3091A5144Q.png
INFO: [ app_init ] --START--
INFO: Run Behavior\BuildLiteBehavior [ RunTime:0.000021s ]
INFO: [ app_init ] --END-- [ RunTime:0.000415s ]

[ 2017-04-13T18:26:46+08:00 ] 127.0.0.1 /zixun/uploads/allimg/170309/2-1F3091A5144Q.png
INFO: [ app_init ] --START--
INFO: Run Behavior\BuildLiteBehavior [ RunTime:0.000025s ]
INFO: [ app_init ] --END-- [ RunTime:0.000624s ]

[ 2017-04-13T18:26:47+08:00 ] 127.0.0.1 /zixun/uploads/allimg/170309/2-1F3091A5144Q.png
INFO: [ app_init ] --START--
INFO: Run Behavior\BuildLiteBehavior [ RunTime:0.000027s ]
INFO: [ app_init ] --END-- [ RunTime:0.000481s ]

[ 2017-04-13T18:26:47+08:00 ] 127.0.0.1 /zixun/uploads/allimg/170309/2-1F3091A5144Q.png
INFO: [ app_init ] --START--
INFO: Run Behavior\BuildLiteBehavior [ RunTime:0.000024s ]
INFO: [ app_init ] --END-- [ RunTime:0.000482s ]

[ 2017-04-13T18:26:47+08:00 ] 127.0.0.1 /zixun/uploads/allimg/170309/2-1F3091A5144Q.png
INFO: [ app_init ] --START--
INFO: Run Behavior\BuildLiteBehavior [ RunTime:0.000023s ]
INFO: [ app_init ] --END-- [ RunTime:0.000434s ]

